mode: atomic
github.com/hitesharora1997/hitcounter/internal/counter/counter.go:15.71,17.25 2 1
github.com/hitesharora1997/hitcounter/internal/counter/counter.go:17.25,18.21 1 0
github.com/hitesharora1997/hitcounter/internal/counter/counter.go:18.21,18.49 1 0
github.com/hitesharora1997/hitcounter/internal/counter/counter.go:19.8,20.21 1 1
github.com/hitesharora1997/hitcounter/internal/counter/counter.go:20.21,20.53 1 6
github.com/hitesharora1997/hitcounter/internal/counter/counter.go:22.2,24.3 1 1
github.com/hitesharora1997/hitcounter/internal/counter/counter.go:27.48,37.36 8 6
github.com/hitesharora1997/hitcounter/internal/counter/counter.go:37.36,38.17 1 11
github.com/hitesharora1997/hitcounter/internal/counter/counter.go:38.17,40.9 2 6
github.com/hitesharora1997/hitcounter/internal/counter/counter.go:43.2,45.29 2 6
github.com/hitesharora1997/hitcounter/pkg/persistence/persistance.go:11.65,23.16 5 1
github.com/hitesharora1997/hitcounter/pkg/persistence/persistance.go:23.16,26.3 2 0
github.com/hitesharora1997/hitcounter/pkg/persistence/persistance.go:28.2,28.58 1 1
github.com/hitesharora1997/hitcounter/pkg/persistence/persistance.go:28.58,30.3 1 0
github.com/hitesharora1997/hitcounter/pkg/persistence/persistance.go:34.70,36.16 2 1
github.com/hitesharora1997/hitcounter/pkg/persistence/persistance.go:36.16,38.3 1 0
github.com/hitesharora1997/hitcounter/pkg/persistence/persistance.go:40.2,47.57 4 1
github.com/hitesharora1997/hitcounter/pkg/persistence/persistance.go:47.57,49.3 1 0
github.com/hitesharora1997/hitcounter/pkg/persistence/persistance.go:51.2,52.12 2 1
github.com/hitesharora1997/hitcounter/internal/server/server.go:21.72,27.67 2 2
github.com/hitesharora1997/hitcounter/internal/server/server.go:27.67,29.3 1 0
github.com/hitesharora1997/hitcounter/internal/server/server.go:29.8,31.3 1 2
github.com/hitesharora1997/hitcounter/internal/server/server.go:32.2,33.10 2 2
github.com/hitesharora1997/hitcounter/internal/server/server.go:36.32,40.6 3 2
github.com/hitesharora1997/hitcounter/internal/server/server.go:40.6,41.10 1 2
github.com/hitesharora1997/hitcounter/internal/server/server.go:42.24,44.10 2 2
github.com/hitesharora1997/hitcounter/internal/server/server.go:45.19,46.47 1 0
github.com/hitesharora1997/hitcounter/internal/server/server.go:51.25,53.2 1 2
github.com/hitesharora1997/hitcounter/internal/server/server.go:55.68,59.2 3 6
